#
# There is insufficient memory for the Java Runtime Environment to continue.
# Native memory allocation (malloc) failed to allocate 32744 bytes. Error detail: Chunk::new
# Possible reasons:
#   The system is out of physical RAM or swap space
#   This process is running with CompressedOops enabled, and the Java Heap may be blocking the growth of the native heap
# Possible solutions:
#   Reduce memory load on the system
#   Increase physical memory or swap space
#   Check if swap backing store is full
#   Decrease Java heap size (-Xmx/-Xms)
#   Decrease number of Java threads
#   Decrease Java thread stack sizes (-Xss)
#   Set larger code cache with -XX:ReservedCodeCacheSize=
#   JVM is running with Unscaled Compressed Oops mode in which the Java heap is
#     placed in the first 4GB address space. The Java Heap base address is the
#     maximum limit for the native heap growth. Please use -XX:HeapBaseMinAddress
#     to set the Java Heap base and to place the Java Heap above 4GB virtual address.
# This output file may be truncated or incomplete.
#
#  Out of Memory Error (arena.cpp:168), pid=24168, tid=26316
#
# JRE version: OpenJDK Runtime Environment Temurin-21.0.9+10 (21.0.9+10) (build 21.0.9+10-LTS)
# Java VM: OpenJDK 64-Bit Server VM Temurin-21.0.9+10 (21.0.9+10-LTS, mixed mode, sharing, tiered, compressed oops, compressed class ptrs, g1 gc, windows-amd64)
# No core dump will be written. Minidumps are not enabled by default on client versions of Windows
#

---------------  S U M M A R Y ------------

Command Line: -Xmx64m -Xms64m -Dorg.gradle.appname=gradlew org.gradle.wrapper.GradleWrapperMain clean bootRun

Host: Intel(R) Core(TM) i5-8365U CPU @ 1.60GHz, 8 cores, 7G,  Windows 11 , 64 bit Build 22621 (10.0.22621.1635)
Time: Thu Feb 19 21:21:25 2026 E. Africa Standard Time elapsed time: 586.887746 seconds (0d 0h 9m 46s)

---------------  T H R E A D  ---------------

Current thread (0x000001f5e3cf5b10):  JavaThread "C2 CompilerThread0" daemon [_thread_in_native, id=26316, stack(0x0000005a91400000,0x0000005a91500000) (1024K)]


Current CompileTask:
C2:586888 2540       4       java.nio.ByteBuffer::get (54 bytes)

Stack: [0x0000005a91400000,0x0000005a91500000]
Native frames: (J=compiled Java code, j=interpreted, Vv=VM code, C=native code)
V  [jvm.dll+0x6d6e29]
V  [jvm.dll+0x8b4b76]
V  [jvm.dll+0x8b712e]
V  [jvm.dll+0x8b7813]
V  [jvm.dll+0x283d86]
V  [jvm.dll+0xc66ed]
V  [jvm.dll+0xc6c31]
V  [jvm.dll+0x65ecbd]
V  [jvm.dll+0x65ee4b]
V  [jvm.dll+0x664b1b]
V  [jvm.dll+0x665b16]
V  [jvm.dll+0x663e5b]
V  [jvm.dll+0x24be1b]
V  [jvm.dll+0x24b580]
V  [jvm.dll+0x1cb13e]
V  [jvm.dll+0x25b29d]
V  [jvm.dll+0x25982a]
V  [jvm.dll+0x3f7ea6]
V  [jvm.dll+0x85e9ad]
V  [jvm.dll+0x6d565d]
C  [ucrtbase.dll+0x29363]
C  [KERNEL32.DLL+0x126ad]
C  [ntdll.dll+0x5a9f8]


---------------  P R O C E S S  ---------------

Threads class SMR info:
_java_thread_list=0x000001f5e9267640, length=12, elements={
0x000001f5c743cf70, 0x000001f5e3ce81e0, 0x000001f5e3ce8e30, 0x000001f5e3ced190,
0x000001f5e3cf3820, 0x000001f5e3cf4280, 0x000001f5e3cf48e0, 0x000001f5e3cf5b10,
0x000001f5e3d15110, 0x000001f5e80a2ca0, 0x000001f5e80aa730, 0x000001f5e8da14b0
}

Java Threads: ( => current thread )
  0x000001f5c743cf70 JavaThread "main"                              [_thread_in_native, id=19464, stack(0x0000005a90600000,0x0000005a90700000) (1024K)]
  0x000001f5e3ce81e0 JavaThread "Reference Handler"          daemon [_thread_blocked, id=20456, stack(0x0000005a90e00000,0x0000005a90f00000) (1024K)]
  0x000001f5e3ce8e30 JavaThread "Finalizer"                  daemon [_thread_blocked, id=9356, stack(0x0000005a90f00000,0x0000005a91000000) (1024K)]
  0x000001f5e3ced190 JavaThread "Signal Dispatcher"          daemon [_thread_blocked, id=26332, stack(0x0000005a91000000,0x0000005a91100000) (1024K)]
  0x000001f5e3cf3820 JavaThread "Attach Listener"            daemon [_thread_blocked, id=14244, stack(0x0000005a91100000,0x0000005a91200000) (1024K)]
  0x000001f5e3cf4280 JavaThread "Service Thread"             daemon [_thread_blocked, id=11068, stack(0x0000005a91200000,0x0000005a91300000) (1024K)]
  0x000001f5e3cf48e0 JavaThread "Monitor Deflation Thread"   daemon [_thread_blocked, id=3048, stack(0x0000005a91300000,0x0000005a91400000) (1024K)]
=>0x000001f5e3cf5b10 JavaThread "C2 CompilerThread0"         daemon [_thread_in_native, id=26316, stack(0x0000005a91400000,0x0000005a91500000) (1024K)]
  0x000001f5e3d15110 JavaThread "C1 CompilerThread0"         daemon [_thread_blocked, id=24848, stack(0x0000005a91500000,0x0000005a91600000) (1024K)]
  0x000001f5e80a2ca0 JavaThread "Notification Thread"        daemon [_thread_blocked, id=21028, stack(0x0000005a91600000,0x0000005a91700000) (1024K)]
  0x000001f5e80aa730 JavaThread "Common-Cleaner"             daemon [_thread_blocked, id=12840, stack(0x0000005a91700000,0x0000005a91800000) (1024K)]
  0x000001f5e8da14b0 JavaThread "pool-1-thread-1"                   [_thread_blocked, id=23116, stack(0x0000005a91c00000,0x0000005a91d00000) (1024K)]
Total: 12

Other Threads:
  0x000001f5e3cd3450 VMThread "VM Thread"                           [id=19408, stack(0x0000005a90d00000,0x0000005a90e00000) (1024K)]
  0x000001f5e3cbfc10 WatcherThread "VM Periodic Task Thread"        [id=5664, stack(0x0000005a90c00000,0x0000005a90d00000) (1024K)]
  0x000001f5c97dd3f0 WorkerThread "GC Thread#0"                     [id=25420, stack(0x0000005a90700000,0x0000005a90800000) (1024K)]
  0x000001f5e83d05b0 WorkerThread "GC Thread#1"                     [id=3040, stack(0x0000005a91900000,0x0000005a91a00000) (1024K)]
  0x000001f5e85cb740 WorkerThread "GC Thread#2"                     [id=11828, stack(0x0000005a91a00000,0x0000005a91b00000) (1024K)]
  0x000001f5e85cbae0 WorkerThread "GC Thread#3"                     [id=19756, stack(0x0000005a91b00000,0x0000005a91c00000) (1024K)]
  0x000001f5e8ed4470 WorkerThread "GC Thread#4"                     [id=18292, stack(0x0000005a91d00000,0x0000005a91e00000) (1024K)]
  0x000001f5e8d30950 WorkerThread "GC Thread#5"                     [id=5136, stack(0x0000005a91e00000,0x0000005a91f00000) (1024K)]
  0x000001f5e8f4b9a0 WorkerThread "GC Thread#6"                     [id=11360, stack(0x0000005a91f00000,0x0000005a92000000) (1024K)]
  0x000001f5e921dff0 WorkerThread "GC Thread#7"                     [id=16968, stack(0x0000005a92000000,0x0000005a92100000) (1024K)]
  0x000001f5c97debd0 ConcurrentGCThread "G1 Main Marker"            [id=2008, stack(0x0000005a90800000,0x0000005a90900000) (1024K)]
  0x000001f5c97df9e0 WorkerThread "G1 Conc#0"                       [id=21340, stack(0x0000005a90900000,0x0000005a90a00000) (1024K)]
  0x000001f5c9881f90 ConcurrentGCThread "G1 Refine#0"               [id=7472, stack(0x0000005a90a00000,0x0000005a90b00000) (1024K)]
  0x000001f5c98839b0 ConcurrentGCThread "G1 Service"                [id=22308, stack(0x0000005a90b00000,0x0000005a90c00000) (1024K)]
Total: 14

Threads with active compile tasks:
C2 CompilerThread0  587062 2540       4       java.nio.ByteBuffer::get (54 bytes)
Total: 1

VM state: not at safepoint (normal execution)

VM Mutex/Monitor currently owned by a thread: None

Heap address: 0x00000000fc000000, size: 64 MB, Compressed Oops mode: 32-bit

CDS archive(s) mapped at: [0x000001f580000000-0x000001f580c80000-0x000001f580c80000), size 13107200, SharedBaseAddress: 0x000001f580000000, ArchiveRelocationMode: 1.
Compressed class space mapped at: 0x000001f581000000-0x000001f5c1000000, reserved size: 1073741824
Narrow klass base: 0x000001f580000000, Narrow klass shift: 0, Narrow klass range: 0x100000000

GC Precious Log:
 CardTable entry size: 512
 Card Set container configuration: InlinePtr #cards 5 size 8 Array Of Cards #cards 12 size 40 Howl #buckets 4 coarsen threshold 1843 Howl Bitmap #cards 512 size 80 coarsen threshold 460 Card regions per heap region 1 cards per card region 2048
 CPUs: 8 total, 8 available
 Memory: 7998M
 Large Page Support: Disabled
 NUMA Support: Disabled
 Compressed Oops: Enabled (32-bit)
 Heap Region Size: 1M
 Heap Min Capacity: 64M
 Heap Initial Capacity: 64M
 Heap Max Capacity: 64M
 Pre-touch: Disabled
 Parallel Workers: 8
 Concurrent Workers: 2
 Concurrent Refinement Workers: 8
 Periodic GC: Disabled

Heap:
 garbage-first heap   total 65536K, used 34928K [0x00000000fc000000, 0x0000000100000000)
  region size 1024K, 29 young (29696K), 5 survivors (5120K)
 Metaspace       used 10203K, committed 10560K, reserved 1114112K
  class space    used 1342K, committed 1472K, reserved 1048576K

Heap Regions: E=young(eden), S=young(survivor), O=old, HS=humongous(starts), HC=humongous(continues), CS=collection set, F=free, TAMS=top-at-mark-start, PB=parsable bottom
|   0|0x00000000fc000000, 0x00000000fc100000, 0x00000000fc100000|100%|HS|  |TAMS 0x00000000fc000000| PB 0x00000000fc000000| Complete 
|   1|0x00000000fc100000, 0x00000000fc200000, 0x00000000fc200000|100%|HC|  |TAMS 0x00000000fc100000| PB 0x00000000fc100000| Complete 
|   2|0x00000000fc200000, 0x00000000fc300000, 0x00000000fc300000|100%|HC|  |TAMS 0x00000000fc200000| PB 0x00000000fc200000| Complete 
|   3|0x00000000fc300000, 0x00000000fc400000, 0x00000000fc400000|100%| O|  |TAMS 0x00000000fc300000| PB 0x00000000fc300000| Untracked 
|   4|0x00000000fc400000, 0x00000000fc500000, 0x00000000fc500000|100%| O|  |TAMS 0x00000000fc400000| PB 0x00000000fc400000| Untracked 
|   5|0x00000000fc500000, 0x00000000fc600000, 0x00000000fc600000|100%| O|  |TAMS 0x00000000fc500000| PB 0x00000000fc500000| Untracked 
|   6|0x00000000fc600000, 0x00000000fc61c380, 0x00000000fc700000| 11%| O|  |TAMS 0x00000000fc600000| PB 0x00000000fc600000| Untracked 
|   7|0x00000000fc700000, 0x00000000fc700000, 0x00000000fc800000|  0%| F|  |TAMS 0x00000000fc700000| PB 0x00000000fc700000| Untracked 
|   8|0x00000000fc800000, 0x00000000fc800000, 0x00000000fc900000|  0%| F|  |TAMS 0x00000000fc800000| PB 0x00000000fc800000| Untracked 
|   9|0x00000000fc900000, 0x00000000fc900000, 0x00000000fca00000|  0%| F|  |TAMS 0x00000000fc900000| PB 0x00000000fc900000| Untracked 
|  10|0x00000000fca00000, 0x00000000fca00000, 0x00000000fcb00000|  0%| F|  |TAMS 0x00000000fca00000| PB 0x00000000fca00000| Untracked 
|  11|0x00000000fcb00000, 0x00000000fcb00000, 0x00000000fcc00000|  0%| F|  |TAMS 0x00000000fcb00000| PB 0x00000000fcb00000| Untracked 
|  12|0x00000000fcc00000, 0x00000000fcc00000, 0x00000000fcd00000|  0%| F|  |TAMS 0x00000000fcc00000| PB 0x00000000fcc00000| Untracked 
|  13|0x00000000fcd00000, 0x00000000fcd00000, 0x00000000fce00000|  0%| F|  |TAMS 0x00000000fcd00000| PB 0x00000000fcd00000| Untracked 
|  14|0x00000000fce00000, 0x00000000fce00000, 0x00000000fcf00000|  0%| F|  |TAMS 0x00000000fce00000| PB 0x00000000fce00000| Untracked 
|  15|0x00000000fcf00000, 0x00000000fcf00000, 0x00000000fd000000|  0%| F|  |TAMS 0x00000000fcf00000| PB 0x00000000fcf00000| Untracked 
|  16|0x00000000fd000000, 0x00000000fd000000, 0x00000000fd100000|  0%| F|  |TAMS 0x00000000fd000000| PB 0x00000000fd000000| Untracked 
|  17|0x00000000fd100000, 0x00000000fd100000, 0x00000000fd200000|  0%| F|  |TAMS 0x00000000fd100000| PB 0x00000000fd100000| Untracked 
|  18|0x00000000fd200000, 0x00000000fd200000, 0x00000000fd300000|  0%| F|  |TAMS 0x00000000fd200000| PB 0x00000000fd200000| Untracked 
|  19|0x00000000fd300000, 0x00000000fd300000, 0x00000000fd400000|  0%| F|  |TAMS 0x00000000fd300000| PB 0x00000000fd300000| Untracked 
|  20|0x00000000fd400000, 0x00000000fd400000, 0x00000000fd500000|  0%| F|  |TAMS 0x00000000fd400000| PB 0x00000000fd400000| Untracked 
|  21|0x00000000fd500000, 0x00000000fd500000, 0x00000000fd600000|  0%| F|  |TAMS 0x00000000fd500000| PB 0x00000000fd500000| Untracked 
|  22|0x00000000fd600000, 0x00000000fd600000, 0x00000000fd700000|  0%| F|  |TAMS 0x00000000fd600000| PB 0x00000000fd600000| Untracked 
|  23|0x00000000fd700000, 0x00000000fd700000, 0x00000000fd800000|  0%| F|  |TAMS 0x00000000fd700000| PB 0x00000000fd700000| Untracked 
|  24|0x00000000fd800000, 0x00000000fd900000, 0x00000000fd900000|100%| S|CS|TAMS 0x00000000fd800000| PB 0x00000000fd800000| Complete 
|  25|0x00000000fd900000, 0x00000000fda00000, 0x00000000fda00000|100%| S|CS|TAMS 0x00000000fd900000| PB 0x00000000fd900000| Complete 
|  26|0x00000000fda00000, 0x00000000fdb00000, 0x00000000fdb00000|100%| S|CS|TAMS 0x00000000fda00000| PB 0x00000000fda00000| Complete 
|  27|0x00000000fdb00000, 0x00000000fdc00000, 0x00000000fdc00000|100%| S|CS|TAMS 0x00000000fdb00000| PB 0x00000000fdb00000| Complete 
|  28|0x00000000fdc00000, 0x00000000fdd00000, 0x00000000fdd00000|100%| S|CS|TAMS 0x00000000fdc00000| PB 0x00000000fdc00000| Complete 
|  29|0x00000000fdd00000, 0x00000000fdd00000, 0x00000000fde00000|  0%| F|  |TAMS 0x00000000fdd00000| PB 0x00000000fdd00000| Untracked 
|  30|0x00000000fde00000, 0x00000000fde00000, 0x00000000fdf00000|  0%| F|  |TAMS 0x00000000fde00000| PB 0x00000000fde00000| Untracked 
|  31|0x00000000fdf00000, 0x00000000fdf00000, 0x00000000fe000000|  0%| F|  |TAMS 0x00000000fdf00000| PB 0x00000000fdf00000| Untracked 
|  32|0x00000000fe000000, 0x00000000fe000000, 0x00000000fe100000|  0%| F|  |TAMS 0x00000000fe000000| PB 0x00000000fe000000| Untracked 
|  33|0x00000000fe100000, 0x00000000fe100000, 0x00000000fe200000|  0%| F|  |TAMS 0x00000000fe100000| PB 0x00000000fe100000| Untracked 
|  34|0x00000000fe200000, 0x00000000fe200000, 0x00000000fe300000|  0%| F|  |TAMS 0x00000000fe200000| PB 0x00000000fe200000| Untracked 
|  35|0x00000000fe300000, 0x00000000fe300000, 0x00000000fe400000|  0%| F|  |TAMS 0x00000000fe300000| PB 0x00000000fe300000| Untracked 
|  36|0x00000000fe400000, 0x00000000fe400000, 0x00000000fe500000|  0%| F|  |TAMS 0x00000000fe400000| PB 0x00000000fe400000| Untracked 
|  37|0x00000000fe500000, 0x00000000fe500000, 0x00000000fe600000|  0%| F|  |TAMS 0x00000000fe500000| PB 0x00000000fe500000| Untracked 
|  38|0x00000000fe600000, 0x00000000fe600000, 0x00000000fe700000|  0%| F|  |TAMS 0x00000000fe600000| PB 0x00000000fe600000| Untracked 
|  39|0x00000000fe700000, 0x00000000fe700000, 0x00000000fe800000|  0%| F|  |TAMS 0x00000000fe700000| PB 0x00000000fe700000| Untracked 
|  40|0x00000000fe800000, 0x00000000fe81af78, 0x00000000fe900000| 10%| E|  |TAMS 0x00000000fe800000| PB 0x00000000fe800000| Complete 
|  41|0x00000000fe900000, 0x00000000fea00000, 0x00000000fea00000|100%| E|CS|TAMS 0x00000000fe900000| PB 0x00000000fe900000| Complete 
|  42|0x00000000fea00000, 0x00000000feb00000, 0x00000000feb00000|100%| E|CS|TAMS 0x00000000fea00000| PB 0x00000000fea00000| Complete 
|  43|0x00000000feb00000, 0x00000000fec00000, 0x00000000fec00000|100%| E|CS|TAMS 0x00000000feb00000| PB 0x00000000feb00000| Complete 
|  44|0x00000000fec00000, 0x00000000fed00000, 0x00000000fed00000|100%| E|CS|TAMS 0x00000000fec00000| PB 0x00000000fec00000| Complete 
|  45|0x00000000fed00000, 0x00000000fee00000, 0x00000000fee00000|100%| E|CS|TAMS 0x00000000fed00000| PB 0x00000000fed00000| Complete 
|  46|0x00000000fee00000, 0x00000000fef00000, 0x00000000fef00000|100%| E|CS|TAMS 0x00000000fee00000| PB 0x00000000fee00000| Complete 
|  47|0x00000000fef00000, 0x00000000ff000000, 0x00000000ff000000|100%| E|CS|TAMS 0x00000000fef00000| PB 0x00000000fef00000| Complete 
|  48|0x00000000ff000000, 0x00000000ff100000, 0x00000000ff100000|100%| E|CS|TAMS 0x00000000ff000000| PB 0x00000000ff000000| Complete 
|  49|0x00000000ff100000, 0x00000000ff200000, 0x00000000ff200000|100%| E|CS|TAMS 0x00000000ff100000| PB 0x00000000ff100000| Complete 
|  50|0x00000000ff200000, 0x00000000ff300000, 0x00000000ff300000|100%| E|CS|TAMS 0x00000000ff200000| PB 0x00000000ff200000| Complete 
|  51|0x00000000ff300000, 0x00000000ff400000, 0x00000000ff400000|100%| E|CS|TAMS 0x00000000ff300000| PB 0x00000000ff300000| Complete 
|  52|0x00000000ff400000, 0x00000000ff500000, 0x00000000ff500000|100%| E|CS|TAMS 0x00000000ff400000| PB 0x00000000ff400000| Complete 
|  53|0x00000000ff500000, 0x00000000ff600000, 0x00000000ff600000|100%| E|CS|TAMS 0x00000000ff500000| PB 0x00000000ff500000| Complete 
|  54|0x00000000ff600000, 0x00000000ff700000, 0x00000000ff700000|100%| E|CS|TAMS 0x00000000ff600000| PB 0x00000000ff600000| Complete 
|  55|0x00000000ff700000, 0x00000000ff800000, 0x00000000ff800000|100%| E|CS|TAMS 0x00000000ff700000| PB 0x00000000ff700000| Complete 
|  56|0x00000000ff800000, 0x00000000ff900000, 0x00000000ff900000|100%| E|CS|TAMS 0x00000000ff800000| PB 0x00000000ff800000| Complete 
|  57|0x00000000ff900000, 0x00000000ffa00000, 0x00000000ffa00000|100%| E|CS|TAMS 0x00000000ff900000| PB 0x00000000ff900000| Complete 
|  58|0x00000000ffa00000, 0x00000000ffb00000, 0x00000000ffb00000|100%| E|CS|TAMS 0x00000000ffa00000| PB 0x00000000ffa00000| Complete 
|  59|0x00000000ffb00000, 0x00000000ffc00000, 0x00000000ffc00000|100%| E|CS|TAMS 0x00000000ffb00000| PB 0x00000000ffb00000| Complete 
|  60|0x00000000ffc00000, 0x00000000ffd00000, 0x00000000ffd00000|100%| E|CS|TAMS 0x00000000ffc00000| PB 0x00000000ffc00000| Complete 
|  61|0x00000000ffd00000, 0x00000000ffe00000, 0x00000000ffe00000|100%| E|CS|TAMS 0x00000000ffd00000| PB 0x00000000ffd00000| Complete 
|  62|0x00000000ffe00000, 0x00000000fff00000, 0x00000000fff00000|100%| E|CS|TAMS 0x00000000ffe00000| PB 0x00000000ffe00000| Complete 
|  63|0x00000000fff00000, 0x0000000100000000, 0x0000000100000000|100%| E|CS|TAMS 0x00000000fff00000| PB 0x00000000fff00000| Complete 

Card table byte_map: [0x000001f5c76a0000,0x000001f5c76c0000] _byte_map_base: 0x000001f5c6ec0000

Marking Bits: (CMBitMap*) 0x000001f5c97ddaf0
 Bits: [0x000001f5e1220000, 0x000001f5e1320000)

Polling page: 0x000001f5c7650000

Metaspace:

Usage:
  Non-class:      8.65 MB used.
      Class:      1.31 MB used.
       Both:      9.96 MB used.

Virtual space:
  Non-class space:       64.00 MB reserved,       8.88 MB ( 14%) committed,  1 nodes.
      Class space:        1.00 GB reserved,       1.44 MB ( <1%) committed,  1 nodes.
             Both:        1.06 GB reserved,      10.31 MB ( <1%) committed. 

Chunk freelists:
   Non-Class:  6.30 MB
       Class:  14.44 MB
        Both:  20.74 MB

MaxMetaspaceSize: unlimited
CompressedClassSpaceSize: 1.00 GB
Initial GC threshold: 21.00 MB
Current GC threshold: 21.00 MB
CDS: on
 - commit_granule_bytes: 65536.
 - commit_granule_words: 8192.
 - virtual_space_node_default_size: 8388608.
 - enlarge_chunks_in_place: 1.
 - use_allocation_guard: 0.


Internal statistics:

num_allocs_failed_limit: 0.
num_arena_births: 318.
num_arena_deaths: 0.
num_vsnodes_births: 2.
num_vsnodes_deaths: 0.
num_space_committed: 165.
num_space_uncommitted: 0.
num_chunks_returned_to_freelist: 0.
num_chunks_taken_from_freelist: 642.
num_chunk_merges: 0.
num_chunk_splits: 405.
num_chunks_enlarged: 269.
num_inconsistent_stats: 0.

CodeHeap 'non-profiled nmethods': size=120000Kb used=1483Kb max_used=1483Kb free=118516Kb
 bounds [0x000001f5d99b0000, 0x000001f5d9c20000, 0x000001f5e0ee0000]
CodeHeap 'profiled nmethods': size=120000Kb used=4504Kb max_used=4504Kb free=115495Kb
 bounds [0x000001f5d1ee0000, 0x000001f5d2350000, 0x000001f5d9410000]
CodeHeap 'non-nmethods': size=5760Kb used=1339Kb max_used=1409Kb free=4421Kb
 bounds [0x000001f5d9410000, 0x000001f5d9680000, 0x000001f5d99b0000]
CodeCache: size=245760Kb, used=7326Kb, max_used=7396Kb, free=238432Kb
 total_blobs=3039, nmethods=2539, adapters=404, full_count=0
Compilation: enabled, stopped_count=0, restarted_count=0

Compilation events (20 events):
Event: 571.390 Thread 0x000001f5e3d15110 nmethod 2530 0x000001f5d2343710 code [0x000001f5d2343900, 0x000001f5d2343ce8]
Event: 571.390 Thread 0x000001f5e3d15110 2531       3       com.esotericsoftware.kryo.io.Input::readString (127 bytes)
Event: 571.392 Thread 0x000001f5e3d15110 nmethod 2531 0x000001f5d2343f10 code [0x000001f5d2344140, 0x000001f5d2344720]
Event: 571.406 Thread 0x000001f5e3d15110 2532   !   3       org.gradle.internal.serialize.kryo.KryoBackedDecoder::readLong (15 bytes)
Event: 571.413 Thread 0x000001f5e3d15110 nmethod 2532 0x000001f5d2344910 code [0x000001f5d2344b20, 0x000001f5d2345108]
Event: 571.662 Thread 0x000001f5e3d15110 2533       3       sun.nio.cs.StreamEncoder::write (37 bytes)
Event: 571.673 Thread 0x000001f5e3d15110 nmethod 2533 0x000001f5d2345390 code [0x000001f5d2345560, 0x000001f5d23458c0]
Event: 571.739 Thread 0x000001f5e3cf5b10 2534       4       org.gradle.internal.logging.text.AbstractLineChoppingStyledTextOutput$SeenFromEol::add (18 bytes)
Event: 571.741 Thread 0x000001f5e3cf5b10 nmethod 2534 0x000001f5d9b1b990 code [0x000001f5d9b1bb20, 0x000001f5d9b1bc00]
Event: 571.931 Thread 0x000001f5e3cf5b10 2535       4       java.lang.AbstractStringBuilder::append (54 bytes)
Event: 571.958 Thread 0x000001f5e3cf5b10 nmethod 2535 0x000001f5d9b1bd10 code [0x000001f5d9b1bf00, 0x000001f5d9b1c6d0]
Event: 571.958 Thread 0x000001f5e3cf5b10 2536       4       org.gradle.internal.logging.console.DefaultAnsiExecutor$AnsiContextImpl::a (234 bytes)
Event: 572.080 Thread 0x000001f5e3d15110 2538       3       com.esotericsoftware.kryo.io.Input::readLong (181 bytes)
Event: 572.082 Thread 0x000001f5e3d15110 nmethod 2538 0x000001f5d2345a10 code [0x000001f5d2345be0, 0x000001f5d2345f20]
Event: 572.087 Thread 0x000001f5e3cf5b10 nmethod 2536 0x000001f5d9b1cb10 code [0x000001f5d9b1ce80, 0x000001f5d9b1eb58]
Event: 572.088 Thread 0x000001f5e3cf5b10 2537       4       java.nio.CharBuffer::position (6 bytes)
Event: 572.091 Thread 0x000001f5e3cf5b10 nmethod 2537 0x000001f5d9b1ff10 code [0x000001f5d9b200a0, 0x000001f5d9b201a0]
Event: 572.108 Thread 0x000001f5e3cf5b10 2539       4       org.fusesource.jansi.Ansi::appendEscapeSequence (44 bytes)
Event: 572.174 Thread 0x000001f5e3cf5b10 nmethod 2539 0x000001f5d9b20290 code [0x000001f5d9b20580, 0x000001f5d9b220a0]
Event: 586.802 Thread 0x000001f5e3cf5b10 2540       4       java.nio.ByteBuffer::get (54 bytes)

GC Heap History (4 events):
Event: 1.896 GC heap before
{Heap before GC invocations=0 (full 0):
 garbage-first heap   total 65536K, used 23552K [0x00000000fc000000, 0x0000000100000000)
  region size 1024K, 23 young (23552K), 0 survivors (0K)
 Metaspace       used 1585K, committed 1792K, reserved 1114112K
  class space    used 151K, committed 256K, reserved 1048576K
}
Event: 1.908 GC heap after
{Heap after GC invocations=1 (full 0):
 garbage-first heap   total 65536K, used 1792K [0x00000000fc000000, 0x0000000100000000)
  region size 1024K, 2 young (2048K), 2 survivors (2048K)
 Metaspace       used 1585K, committed 1792K, reserved 1114112K
  class space    used 151K, committed 256K, reserved 1048576K
}
Event: 3.709 GC heap before
{Heap before GC invocations=1 (full 0):
 garbage-first heap   total 65536K, used 37632K [0x00000000fc000000, 0x0000000100000000)
  region size 1024K, 35 young (35840K), 2 survivors (2048K)
 Metaspace       used 8761K, committed 9088K, reserved 1114112K
  class space    used 1205K, committed 1344K, reserved 1048576K
}
Event: 3.721 GC heap after
{Heap after GC invocations=2 (full 0):
 garbage-first heap   total 65536K, used 11376K [0x00000000fc000000, 0x0000000100000000)
  region size 1024K, 5 young (5120K), 5 survivors (5120K)
 Metaspace       used 8761K, committed 9088K, reserved 1114112K
  class space    used 1205K, committed 1344K, reserved 1048576K
}

Dll operation events (13 events):
Event: 0.015 Loaded shared library C:\Program Files\Eclipse Adoptium\jdk-21.0.9.10-hotspot\bin\java.dll
Event: 0.133 Loaded shared library C:\Program Files\Eclipse Adoptium\jdk-21.0.9.10-hotspot\bin\jsvml.dll
Event: 0.529 Loaded shared library C:\Program Files\Eclipse Adoptium\jdk-21.0.9.10-hotspot\bin\net.dll
Event: 0.554 Loaded shared library C:\Program Files\Eclipse Adoptium\jdk-21.0.9.10-hotspot\bin\nio.dll
Event: 0.773 Loaded shared library C:\Program Files\Eclipse Adoptium\jdk-21.0.9.10-hotspot\bin\zip.dll
Event: 0.898 Loaded shared library C:\Program Files\Eclipse Adoptium\jdk-21.0.9.10-hotspot\bin\verify.dll
Event: 1.911 Loaded shared library C:\Program Files\Eclipse Adoptium\jdk-21.0.9.10-hotspot\bin\jimage.dll
Event: 2.577 Loaded shared library C:\Program Files\Eclipse Adoptium\jdk-21.0.9.10-hotspot\bin\management.dll
Event: 2.586 Loaded shared library C:\Program Files\Eclipse Adoptium\jdk-21.0.9.10-hotspot\bin\management_ext.dll
Event: 2.695 Loaded shared library C:\Users\HP\.gradle\native\1def1411415f61bf3af743bc5b6707747c0891f09f0c88961ee8f79bc544acac\windows-amd64\native-platform.dll
Event: 2.768 Loaded shared library C:\Users\HP\.gradle\native\jansi\1.18\windows64\jansi.dll
Event: 3.138 Loaded shared library C:\Program Files\Eclipse Adoptium\jdk-21.0.9.10-hotspot\bin\extnet.dll
Event: 3.792 Loaded shared library C:\Program Files\Eclipse Adoptium\jdk-21.0.9.10-hotspot\bin\sunmscapi.dll

Deoptimization events (20 events):
Event: 571.391 Thread 0x000001f5c743cf70 DEOPT PACKING pc=0x000001f5d9ab7118 sp=0x0000005a906fdbc0
Event: 571.391 Thread 0x000001f5c743cf70 DEOPT UNPACKING pc=0x000001f5d9464422 sp=0x0000005a906fdbc0 mode 2
Event: 571.403 Thread 0x000001f5c743cf70 DEOPT PACKING pc=0x000001f5d2343c4d sp=0x0000005a906fdc40
Event: 571.403 Thread 0x000001f5c743cf70 DEOPT UNPACKING pc=0x000001f5d9464bc2 sp=0x0000005a906fd0d8 mode 0
Event: 571.406 Thread 0x000001f5c743cf70 DEOPT PACKING pc=0x000001f5d2343c4d sp=0x0000005a906fdc40
Event: 571.406 Thread 0x000001f5c743cf70 DEOPT UNPACKING pc=0x000001f5d9464bc2 sp=0x0000005a906fd0d8 mode 0
Event: 571.583 Thread 0x000001f5e8da14b0 Uncommon trap: trap_request=0xffffff45 fr.pc=0x000001f5d9af7134 relative=0x0000000000000e74
Event: 571.585 Thread 0x000001f5e8da14b0 Uncommon trap: reason=unstable_if action=reinterpret pc=0x000001f5d9af7134 method=sun.nio.cs.UTF_8$Encoder.encodeArrayLoop(Ljava/nio/CharBuffer;Ljava/nio/ByteBuffer;)Ljava/nio/charset/CoderResult; @ 103 c2
Event: 571.585 Thread 0x000001f5e8da14b0 DEOPT PACKING pc=0x000001f5d9af7134 sp=0x0000005a91cfe920
Event: 571.586 Thread 0x000001f5e8da14b0 DEOPT UNPACKING pc=0x000001f5d9464422 sp=0x0000005a91cfe558 mode 2
Event: 572.078 Thread 0x000001f5c743cf70 Uncommon trap: trap_request=0xffffff45 fr.pc=0x000001f5d9aab824 relative=0x0000000000000364
Event: 572.078 Thread 0x000001f5c743cf70 Uncommon trap: reason=unstable_if action=reinterpret pc=0x000001f5d9aab824 method=com.esotericsoftware.kryo.io.Input.require(I)I @ 65 c2
Event: 572.078 Thread 0x000001f5c743cf70 DEOPT PACKING pc=0x000001f5d9aab824 sp=0x0000005a906fdd90
Event: 572.078 Thread 0x000001f5c743cf70 DEOPT UNPACKING pc=0x000001f5d9464422 sp=0x0000005a906fdcd8 mode 2
Event: 572.079 Thread 0x000001f5c743cf70 DEOPT PACKING pc=0x000001f5d2343c4d sp=0x0000005a906fdc40
Event: 572.079 Thread 0x000001f5c743cf70 DEOPT UNPACKING pc=0x000001f5d9464bc2 sp=0x0000005a906fd0d8 mode 0
Event: 586.818 Thread 0x000001f5c743cf70 Uncommon trap: trap_request=0xffffff45 fr.pc=0x000001f5d9ad9668 relative=0x0000000000000b08
Event: 586.819 Thread 0x000001f5c743cf70 Uncommon trap: reason=unstable_if action=reinterpret pc=0x000001f5d9ad9668 method=org.gradle.internal.logging.sink.OutputEventTransformer.onOutput(Lorg/gradle/internal/logging/events/OutputEvent;)V @ 325 c2
Event: 586.819 Thread 0x000001f5c743cf70 DEOPT PACKING pc=0x000001f5d9ad9668 sp=0x0000005a906fdf80
Event: 586.819 Thread 0x000001f5c743cf70 DEOPT UNPACKING pc=0x000001f5d9464422 sp=0x0000005a906fdf58 mode 2

Classes loaded (20 events):
Event: 18.239 Loading class jdk/internal/logger/LazyLoggers
Event: 18.239 Loading class jdk/internal/logger/LazyLoggers done
Event: 18.240 Loading class jdk/internal/logger/LazyLoggers$1
Event: 18.240 Loading class jdk/internal/logger/LazyLoggers$1 done
Event: 18.240 Loading class jdk/internal/logger/LazyLoggers$LazyLoggerFactories
Event: 18.240 Loading class jdk/internal/logger/LazyLoggers$LazyLoggerFactories done
Event: 18.241 Loading class jdk/internal/logger/LoggerFinderLoader
Event: 18.242 Loading class jdk/internal/logger/LoggerFinderLoader done
Event: 18.243 Loading class jdk/internal/logger/LoggerFinderLoader$TemporaryLoggerFinder
Event: 18.243 Loading class jdk/internal/logger/LoggerFinderLoader$TemporaryLoggerFinder done
Event: 18.244 Loading class sun/util/logging/internal/LoggingProviderImpl$JULWrapper
Event: 18.246 Loading class sun/util/logging/PlatformLogger$ConfigurableBridge$LoggerConfiguration
Event: 18.246 Loading class sun/util/logging/PlatformLogger$ConfigurableBridge$LoggerConfiguration done
Event: 18.246 Loading class sun/util/logging/internal/LoggingProviderImpl$JULWrapper done
Event: 18.248 Loading class java/io/ObjectInputFilter$Config$BuiltinFilterFactory
Event: 18.248 Loading class java/io/ObjectInputFilter$Config$BuiltinFilterFactory done
Event: 18.248 Loading class jdk/internal/access/JavaObjectInputFilterAccess
Event: 18.248 Loading class jdk/internal/access/JavaObjectInputFilterAccess done
Event: 18.249 Loading class java/lang/System$Logger$Level
Event: 18.249 Loading class java/lang/System$Logger$Level done

Classes unloaded (0 events):
No events

Classes redefined (0 events):
No events

Internal exceptions (20 events):
Event: 3.289 Thread 0x000001f5c743cf70 Exception <a 'java/lang/NoSuchMethodError'{0x00000000fe3d48a8}: 'java.lang.Object java.lang.invoke.DirectMethodHandle$Holder.invokeStatic(java.lang.Object, java.lang.Object, java.lang.Object, java.lang.Object, java.lang.Object, java.lang.Object, java.lang.Object, java.lang.Object, java.lang.Object, java.lang.Object, java.lang.Object, java.lang.Object, java.lang.Object, java.lang.Object, java.lang.Object, java.lang.Object)'> (0x00000000fe3d48a8) 
thrown [s\src\hotspot\share\interpreter\linkResolver.cpp, lin
Event: 3.294 Thread 0x000001f5c743cf70 Exception <a 'java/lang/NoSuchMethodError'{0x00000000fe3fac80}: 'java.lang.Object java.lang.invoke.DirectMethodHandle$Holder.invokeStatic(java.lang.Object, java.lang.Object, java.lang.Object, java.lang.Object, java.lang.Object, java.lang.Object, java.lang.Object, java.lang.Object, java.lang.Object, java.lang.Object, java.lang.Object, java.lang.Object, java.lang.Object, java.lang.Object, java.lang.Object, java.lang.Object, java.lang.Object)'> (0x00000000fe3fac80) 
thrown [s\src\hotspot\share\interpreter\lin
Event: 3.298 Thread 0x000001f5c743cf70 Exception <a 'java/lang/NoSuchMethodError'{0x00000000fe222688}: 'java.lang.Object java.lang.invoke.DirectMethodHandle$Holder.invokeStatic(java.lang.Object, java.lang.Object, java.lang.Object, java.lang.Object, java.lang.Object, java.lang.Object, java.lang.Object, java.lang.Object, java.lang.Object, java.lang.Object, java.lang.Object, java.lang.Object, java.lang.Object, java.lang.Object, java.lang.Object, java.lang.Object, java.lang.Object, java.lang.Object)'> (0x00000000fe222688) 
thrown [s\src\hotspot\sha
Event: 3.303 Thread 0x000001f5c743cf70 Exception <a 'java/lang/NoSuchMethodError'{0x00000000fe24aed0}: 'java.lang.Object java.lang.invoke.DirectMethodHandle$Holder.invokeStatic(java.lang.Object, java.lang.Object, java.lang.Object, java.lang.Object, java.lang.Object, java.lang.Object, java.lang.Object, java.lang.Object, java.lang.Object, java.lang.Object, java.lang.Object, java.lang.Object, java.lang.Object, java.lang.Object, java.lang.Object, java.lang.Object, java.lang.Object, java.lang.Object, java.lang.Object)'> (0x00000000fe24aed0) 
thrown 
Event: 3.307 Thread 0x000001f5c743cf70 Exception <a 'java/lang/NoSuchMethodError'{0x00000000fe274db0}: 'java.lang.Object java.lang.invoke.DirectMethodHandle$Holder.invokeStatic(java.lang.Object, java.lang.Object, java.lang.Object, java.lang.Object, java.lang.Object, java.lang.Object, java.lang.Object, java.lang.Object, java.lang.Object, java.lang.Object, java.lang.Object, java.lang.Object, java.lang.Object, java.lang.Object, java.lang.Object, java.lang.Object, java.lang.Object, java.lang.Object, java.lang.Object, java.lang.Object)'> (0x00000000
Event: 3.316 Thread 0x000001f5c743cf70 Exception <a 'java/lang/NoSuchMethodError'{0x00000000fe29f9e8}: 'java.lang.Object java.lang.invoke.DirectMethodHandle$Holder.invokeStatic(java.lang.Object, java.lang.Object, java.lang.Object, java.lang.Object, java.lang.Object, java.lang.Object, java.lang.Object, java.lang.Object, java.lang.Object, java.lang.Object, java.lang.Object, java.lang.Object, java.lang.Object, java.lang.Object, java.lang.Object, java.lang.Object, java.lang.Object, java.lang.Object, java.lang.Object, java.lang.Object, java.lang.Obj
Event: 3.321 Thread 0x000001f5c743cf70 Exception <a 'java/lang/NoSuchMethodError'{0x00000000fe2cb068}: 'java.lang.Object java.lang.invoke.DirectMethodHandle$Holder.invokeStatic(java.lang.Object, java.lang.Object, java.lang.Object, java.lang.Object, java.lang.Object, java.lang.Object, java.lang.Object, java.lang.Object, java.lang.Object, java.lang.Object, java.lang.Object, java.lang.Object, java.lang.Object, java.lang.Object, java.lang.Object, java.lang.Object, java.lang.Object, java.lang.Object, java.lang.Object, java.lang.Object, java.lang.Obj
Event: 3.325 Thread 0x000001f5c743cf70 Exception <a 'java/lang/NoSuchMethodError'{0x00000000fe2f7748}: 'java.lang.Object java.lang.invoke.DirectMethodHandle$Holder.invokeStatic(java.lang.Object, java.lang.Object, java.lang.Object, java.lang.Object, java.lang.Object, java.lang.Object, java.lang.Object, java.lang.Object, java.lang.Object, java.lang.Object, java.lang.Object, java.lang.Object, java.lang.Object, java.lang.Object, java.lang.Object, java.lang.Object, java.lang.Object, java.lang.Object, java.lang.Object, java.lang.Object, java.lang.Obj
Event: 3.328 Thread 0x000001f5c743cf70 Exception <a 'java/lang/NoSuchMethodError'{0x00000000fe1247c8}: 'java.lang.Object java.lang.invoke.DirectMethodHandle$Holder.invokeStatic(java.lang.Object, java.lang.Object, java.lang.Object, java.lang.Object, java.lang.Object, java.lang.Object, java.lang.Object, java.lang.Object, java.lang.Object, java.lang.Object, java.lang.Object, java.lang.Object, java.lang.Object, java.lang.Object, java.lang.Object, java.lang.Object, java.lang.Object, java.lang.Object, java.lang.Object, java.lang.Object, java.lang.Obj
Event: 3.331 Thread 0x000001f5c743cf70 Exception <a 'java/lang/NoSuchMethodError'{0x00000000fe1530d8}: 'java.lang.Object java.lang.invoke.DirectMethodHandle$Holder.invokeStatic(java.lang.Object, java.lang.Object, java.lang.Object, java.lang.Object, java.lang.Object, java.lang.Object, java.lang.Object, java.lang.Object, java.lang.Object, java.lang.Object, java.lang.Object, java.lang.Object, java.lang.Object, java.lang.Object, java.lang.Object, java.lang.Object, java.lang.Object, java.lang.Object, java.lang.Object, java.lang.Object, java.lang.Obj
Event: 3.340 Thread 0x000001f5c743cf70 Exception <a 'java/lang/NoSuchMethodError'{0x00000000fe177d88}: 'java.lang.Object java.lang.invoke.DirectMethodHandle$Holder.invokeSpecial(java.lang.Object, java.lang.Object, java.lang.Object, java.lang.Object, java.lang.Object, java.lang.Object, java.lang.Object, java.lang.Object, java.lang.Object, java.lang.Object, java.lang.Object, java.lang.Object, java.lang.Object, java.lang.Object, java.lang.Object, java.lang.Object, java.lang.Object, java.lang.Object, java.lang.Object, java.lang.Object, java.lang.Ob
Event: 3.342 Thread 0x000001f5c743cf70 Exception <a 'java/lang/NoSuchMethodError'{0x00000000fe18d820}: 'java.lang.Object java.lang.invoke.DirectMethodHandle$Holder.newInvokeSpecial(java.lang.Object, java.lang.Object, java.lang.Object, java.lang.Object, java.lang.Object, java.lang.Object, java.lang.Object, java.lang.Object, java.lang.Object, java.lang.Object, java.lang.Object, java.lang.Object, java.lang.Object, java.lang.Object, java.lang.Object, java.lang.Object, java.lang.Object, java.lang.Object, java.lang.Object, java.lang.Object, java.lang
Event: 3.342 Thread 0x000001f5c743cf70 Exception <a 'java/lang/NoSuchMethodError'{0x00000000fe1939d8}: 'java.lang.Object java.lang.invoke.Invokers$Holder.linkToTargetMethod(java.lang.Object, java.lang.Object, java.lang.Object, java.lang.Object, java.lang.Object, java.lang.Object, java.lang.Object, java.lang.Object, java.lang.Object, java.lang.Object, java.lang.Object, java.lang.Object, java.lang.Object, java.lang.Object, java.lang.Object, java.lang.Object, java.lang.Object, java.lang.Object, java.lang.Object, java.lang.Object, java.lang.Object,
Event: 3.343 Thread 0x000001f5c743cf70 Exception <a 'java/lang/NoSuchMethodError'{0x00000000fe198a98}: 'java.lang.Object java.lang.invoke.DirectMethodHandle$Holder.invokeVirtual(java.lang.Object, java.lang.Object, java.lang.Object, java.lang.Object, java.lang.Object, java.lang.Object, java.lang.Object, java.lang.Object, java.lang.Object, java.lang.Object)'> (0x00000000fe198a98) 
thrown [s\src\hotspot\share\interpreter\linkResolver.cpp, line 773]
Event: 3.378 Thread 0x000001f5c743cf70 Exception <a 'java/lang/NoSuchMethodError'{0x00000000fe08db58}: 'java.lang.Object java.lang.invoke.DirectMethodHandle$Holder.invokeVirtual(java.lang.Object, java.lang.Object, java.lang.Object, java.lang.Object, java.lang.Object, java.lang.Object, java.lang.Object, java.lang.Object, java.lang.Object)'> (0x00000000fe08db58) 
thrown [s\src\hotspot\share\interpreter\linkResolver.cpp, line 773]
Event: 3.414 Thread 0x000001f5c743cf70 Exception <a 'java/lang/NoSuchMethodError'{0x00000000fdfa5520}: 'java.lang.Object java.lang.invoke.DirectMethodHandle$Holder.invokeVirtual(java.lang.Object, java.lang.Object, java.lang.Object, java.lang.Object, java.lang.Object, java.lang.Object, java.lang.Object, java.lang.Object)'> (0x00000000fdfa5520) 
thrown [s\src\hotspot\share\interpreter\linkResolver.cpp, line 773]
Event: 3.441 Thread 0x000001f5c743cf70 Exception <a 'java/lang/NoSuchMethodError'{0x00000000fde32b90}: 'java.lang.Object java.lang.invoke.DirectMethodHandle$Holder.invokeStaticInit(java.lang.Object, int, int, int, int)'> (0x00000000fde32b90) 
thrown [s\src\hotspot\share\interpreter\linkResolver.cpp, line 773]
Event: 3.626 Thread 0x000001f5c743cf70 Exception <a 'java/lang/NoSuchMethodError'{0x00000000fdec3798}: 'java.lang.Object java.lang.invoke.DirectMethodHandle$Holder.invokeStaticInit(java.lang.Object, java.lang.Object, int, int, int, int)'> (0x00000000fdec3798) 
thrown [s\src\hotspot\share\interpreter\linkResolver.cpp, line 773]
Event: 3.667 Thread 0x000001f5c743cf70 Implicit null exception at 0x000001f5d99fec24 to 0x000001f5d99ff2c4
Event: 3.672 Thread 0x000001f5c743cf70 Exception <a 'java/lang/NoSuchMethodError'{0x00000000fdda9ac8}: 'void java.lang.invoke.DirectMethodHandle$Holder.invokeInterface(java.lang.Object, java.lang.Object, java.lang.Object)'> (0x00000000fdda9ac8) 
thrown [s\src\hotspot\share\interpreter\linkResolver.cpp, line 773]

ZGC Phase Switch (0 events):
No events

VM Operations (20 events):
Event: 478.648 Executing VM operation: Cleanup
Event: 478.648 Executing VM operation: Cleanup done
Event: 480.814 Executing VM operation: HandshakeAllThreads (HandshakeForDeflation)
Event: 480.829 Executing VM operation: HandshakeAllThreads (HandshakeForDeflation) done
Event: 480.830 Executing VM operation: RendezvousGCThreads
Event: 480.830 Executing VM operation: RendezvousGCThreads done
Event: 503.002 Executing VM operation: Cleanup
Event: 503.002 Executing VM operation: Cleanup done
Event: 540.930 Executing VM operation: HandshakeAllThreads (HandshakeForDeflation)
Event: 540.931 Executing VM operation: HandshakeAllThreads (HandshakeForDeflation) done
Event: 540.931 Executing VM operation: Cleanup
Event: 540.931 Executing VM operation: Cleanup done
Event: 540.931 Executing VM operation: RendezvousGCThreads
Event: 540.931 Executing VM operation: RendezvousGCThreads done
Event: 544.968 Executing VM operation: Cleanup
Event: 544.968 Executing VM operation: Cleanup done
Event: 567.103 Executing VM operation: Cleanup
Event: 567.103 Executing VM operation: Cleanup done
Event: 572.148 Executing VM operation: Cleanup
Event: 572.148 Executing VM operation: Cleanup done

Memory protections (0 events):
No events

Nmethod flushes (0 events):
No events

Events (16 events):
Event: 0.060 Thread 0x000001f5c743cf70 Thread added: 0x000001f5c743cf70
Event: 0.098 Thread 0x000001f5c743cf70 Thread added: 0x000001f5e3ce81e0
Event: 0.100 Thread 0x000001f5c743cf70 Thread added: 0x000001f5e3ce8e30
Event: 0.102 Thread 0x000001f5c743cf70 Thread added: 0x000001f5e3ced190
Event: 0.103 Thread 0x000001f5c743cf70 Thread added: 0x000001f5e3cf3820
Event: 0.105 Thread 0x000001f5c743cf70 Thread added: 0x000001f5e3cf4280
Event: 0.106 Thread 0x000001f5c743cf70 Thread added: 0x000001f5e3cf48e0
Event: 0.108 Thread 0x000001f5c743cf70 Thread added: 0x000001f5e3cf5b10
Event: 0.111 Thread 0x000001f5c743cf70 Thread added: 0x000001f5e3d15110
Event: 0.505 Thread 0x000001f5c743cf70 Thread added: 0x000001f5e80a2ca0
Event: 0.515 Thread 0x000001f5c743cf70 Thread added: 0x000001f5e80aa730
Event: 1.790 Thread 0x000001f5e3cf5b10 Thread added: 0x000001f5e82e9b90
Event: 2.809 Thread 0x000001f5c743cf70 Thread added: 0x000001f5e8da14b0
Event: 3.578 Thread 0x000001f5e82e9b90 Thread exited: 0x000001f5e82e9b90
Event: 3.756 Thread 0x000001f5e3d15110 Thread added: 0x000001f5e9223dd0
Event: 4.019 Thread 0x000001f5e9223dd0 Thread exited: 0x000001f5e9223dd0


Dynamic libraries:
0x00007ff6eaa60000 - 0x00007ff6eaa6e000 	C:\Program Files\Eclipse Adoptium\jdk-21.0.9.10-hotspot\bin\java.exe
0x00007ff909f90000 - 0x00007ff90a1a4000 	C:\Windows\SYSTEM32\ntdll.dll
0x00007ff907d90000 - 0x00007ff907e52000 	C:\Windows\System32\KERNEL32.DLL
0x00007ff907940000 - 0x00007ff907ce3000 	C:\Windows\System32\KERNELBASE.dll
0x00007ff9073b0000 - 0x00007ff9074c1000 	C:\Windows\System32\ucrtbase.dll
0x00007ff8d9f80000 - 0x00007ff8d9f9e000 	C:\Program Files\Eclipse Adoptium\jdk-21.0.9.10-hotspot\bin\VCRUNTIME140.dll
0x00007ff8d6ac0000 - 0x00007ff8d6ad8000 	C:\Program Files\Eclipse Adoptium\jdk-21.0.9.10-hotspot\bin\jli.dll
0x00007ff9080a0000 - 0x00007ff90824b000 	C:\Windows\System32\USER32.dll
0x00007ff9074d0000 - 0x00007ff9074f6000 	C:\Windows\System32\win32u.dll
0x00007ff8f47f0000 - 0x00007ff8f4a7e000 	C:\Windows\WinSxS\amd64_microsoft.windows.common-controls_6595b64144ccf1df_6.0.22621.1635_none_270f70857386168e\COMCTL32.dll
0x00007ff908970000 - 0x00007ff908a17000 	C:\Windows\System32\msvcrt.dll
0x00007ff908ec0000 - 0x00007ff908ee9000 	C:\Windows\System32\GDI32.dll
0x00007ff907730000 - 0x00007ff907848000 	C:\Windows\System32\gdi32full.dll
0x00007ff907cf0000 - 0x00007ff907d8a000 	C:\Windows\System32\msvcp_win.dll
0x00007ff908010000 - 0x00007ff908041000 	C:\Windows\System32\IMM32.DLL
0x00007ff8f3c30000 - 0x00007ff8f3c3c000 	C:\Program Files\Eclipse Adoptium\jdk-21.0.9.10-hotspot\bin\vcruntime140_1.dll
0x00007ff8c93b0000 - 0x00007ff8c943d000 	C:\Program Files\Eclipse Adoptium\jdk-21.0.9.10-hotspot\bin\msvcp140.dll
0x00007ff891880000 - 0x00007ff892620000 	C:\Program Files\Eclipse Adoptium\jdk-21.0.9.10-hotspot\bin\server\jvm.dll
0x00007ff909ea0000 - 0x00007ff909f4e000 	C:\Windows\System32\ADVAPI32.dll
0x00007ff908f70000 - 0x00007ff909014000 	C:\Windows\System32\sechost.dll
0x00007ff909020000 - 0x00007ff909137000 	C:\Windows\System32\RPCRT4.dll
0x00007ff907f70000 - 0x00007ff907fe1000 	C:\Windows\System32\WS2_32.dll
0x00007ff907280000 - 0x00007ff9072cd000 	C:\Windows\SYSTEM32\POWRPROF.dll
0x00007ff900f70000 - 0x00007ff900fa4000 	C:\Windows\SYSTEM32\WINMM.dll
0x00007ff901aa0000 - 0x00007ff901aaa000 	C:\Windows\SYSTEM32\VERSION.dll
0x00007ff9071b0000 - 0x00007ff9071c3000 	C:\Windows\SYSTEM32\UMPDC.dll
0x00007ff9063c0000 - 0x00007ff9063d8000 	C:\Windows\SYSTEM32\kernel.appcore.dll
0x00007ff8f3c10000 - 0x00007ff8f3c1a000 	C:\Program Files\Eclipse Adoptium\jdk-21.0.9.10-hotspot\bin\jimage.dll
0x00007ff8fd2b0000 - 0x00007ff8fd4de000 	C:\Windows\SYSTEM32\DBGHELP.DLL
0x00007ff908ab0000 - 0x00007ff908e39000 	C:\Windows\System32\combase.dll
0x00007ff909dc0000 - 0x00007ff909e97000 	C:\Windows\System32\OLEAUT32.dll
0x00007ff8f47b0000 - 0x00007ff8f47e2000 	C:\Windows\SYSTEM32\dbgcore.DLL
0x00007ff9078c0000 - 0x00007ff90793b000 	C:\Windows\System32\bcryptPrimitives.dll
0x00007ff8d4bb0000 - 0x00007ff8d4bd0000 	C:\Program Files\Eclipse Adoptium\jdk-21.0.9.10-hotspot\bin\java.dll
0x00007ff909560000 - 0x00007ff909d5a000 	C:\Windows\System32\SHELL32.dll
0x00007ff905360000 - 0x00007ff905c2e000 	C:\Windows\SYSTEM32\windows.storage.dll
0x00007ff905220000 - 0x00007ff90535e000 	C:\Windows\SYSTEM32\wintypes.dll
0x00007ff908870000 - 0x00007ff908961000 	C:\Windows\System32\SHCORE.dll
0x00007ff909d60000 - 0x00007ff909dbe000 	C:\Windows\System32\shlwapi.dll
0x00007ff9072e0000 - 0x00007ff907301000 	C:\Windows\SYSTEM32\profapi.dll
0x00007ff8c2b20000 - 0x00007ff8c2bf7000 	C:\Program Files\Eclipse Adoptium\jdk-21.0.9.10-hotspot\bin\jsvml.dll
0x00007ff8f3a20000 - 0x00007ff8f3a30000 	C:\Program Files\Eclipse Adoptium\jdk-21.0.9.10-hotspot\bin\net.dll
0x00007ff9012e0000 - 0x00007ff901417000 	C:\Windows\SYSTEM32\WINHTTP.dll
0x00007ff906820000 - 0x00007ff906889000 	C:\Windows\system32\mswsock.dll
0x00007ff8d4b90000 - 0x00007ff8d4ba6000 	C:\Program Files\Eclipse Adoptium\jdk-21.0.9.10-hotspot\bin\nio.dll
0x00007ff8d4b70000 - 0x00007ff8d4b88000 	C:\Program Files\Eclipse Adoptium\jdk-21.0.9.10-hotspot\bin\zip.dll
0x00007ff8f37d0000 - 0x00007ff8f37e0000 	C:\Program Files\Eclipse Adoptium\jdk-21.0.9.10-hotspot\bin\verify.dll
0x00007ff8f15c0000 - 0x00007ff8f15ca000 	C:\Program Files\Eclipse Adoptium\jdk-21.0.9.10-hotspot\bin\management.dll
0x00007ff8f08d0000 - 0x00007ff8f08dc000 	C:\Program Files\Eclipse Adoptium\jdk-21.0.9.10-hotspot\bin\management_ext.dll
0x00007ff907e60000 - 0x00007ff907e68000 	C:\Windows\System32\PSAPI.DLL
0x00007ff8dd8b0000 - 0x00007ff8dd8d7000 	C:\Users\HP\.gradle\native\1def1411415f61bf3af743bc5b6707747c0891f09f0c88961ee8f79bc544acac\windows-amd64\native-platform.dll
0x00007ff900ce0000 - 0x00007ff900cea000 	C:\Users\HP\.gradle\native\jansi\1.18\windows64\jansi.dll
0x00007ff905e90000 - 0x00007ff905ebd000 	C:\Windows\SYSTEM32\IPHLPAPI.DLL
0x00007ff908ef0000 - 0x00007ff908ef9000 	C:\Windows\System32\NSI.dll
0x00007ff8f0550000 - 0x00007ff8f0559000 	C:\Program Files\Eclipse Adoptium\jdk-21.0.9.10-hotspot\bin\extnet.dll
0x00007ff906b40000 - 0x00007ff906b5b000 	C:\Windows\SYSTEM32\CRYPTSP.dll
0x00007ff906330000 - 0x00007ff906365000 	C:\Windows\system32\rsaenh.dll
0x00007ff9068c0000 - 0x00007ff9068e8000 	C:\Windows\SYSTEM32\USERENV.dll
0x00007ff906c90000 - 0x00007ff906cb8000 	C:\Windows\SYSTEM32\bcrypt.dll
0x00007ff906b20000 - 0x00007ff906b2c000 	C:\Windows\SYSTEM32\CRYPTBASE.dll
0x00007ff8eff80000 - 0x00007ff8eff8e000 	C:\Program Files\Eclipse Adoptium\jdk-21.0.9.10-hotspot\bin\sunmscapi.dll
0x00007ff907500000 - 0x00007ff907667000 	C:\Windows\System32\CRYPT32.dll
0x00007ff906c60000 - 0x00007ff906c8e000 	C:\Windows\SYSTEM32\ncrypt.dll
0x00007ff906c20000 - 0x00007ff906c57000 	C:\Windows\SYSTEM32\NTASN1.dll
0x00007ff8f47a0000 - 0x00007ff8f47a8000 	C:\Windows\system32\wshunix.dll

JVMTI agents: none

dbghelp: loaded successfully - version: 4.0.5 - missing functions: none
symbol engine: initialized successfully - sym options: 0x614 - pdb path: .;C:\Program Files\Eclipse Adoptium\jdk-21.0.9.10-hotspot\bin;C:\Windows\SYSTEM32;C:\Windows\WinSxS\amd64_microsoft.windows.common-controls_6595b64144ccf1df_6.0.22621.1635_none_270f70857386168e;C:\Program Files\Eclipse Adoptium\jdk-21.0.9.10-hotspot\bin\server;C:\Users\HP\.gradle\native\1def1411415f61bf3af743bc5b6707747c0891f09f0c88961ee8f79bc544acac\windows-amd64;C:\Users\HP\.gradle\native\jansi\1.18\windows64

VM Arguments:
jvm_args: -Xmx64m -Xms64m -Dorg.gradle.appname=gradlew 
java_command: org.gradle.wrapper.GradleWrapperMain clean bootRun
java_class_path (initial): C:\Users\HP\Desktop\dev\mifos\backend\fineract\\gradle\wrapper\gradle-wrapper.jar
Launcher Type: SUN_STANDARD

[Global flags]
     intx CICompilerCount                          = 4                                         {product} {ergonomic}
     uint ConcGCThreads                            = 2                                         {product} {ergonomic}
     uint G1ConcRefinementThreads                  = 8                                         {product} {ergonomic}
   size_t G1HeapRegionSize                         = 1048576                                   {product} {ergonomic}
    uintx GCDrainStackTargetSize                   = 64                                        {product} {ergonomic}
   size_t InitialHeapSize                          = 67108864                                  {product} {command line}
   size_t MarkStackSize                            = 4194304                                   {product} {ergonomic}
   size_t MaxHeapSize                              = 67108864                                  {product} {command line}
   size_t MaxNewSize                               = 39845888                                  {product} {ergonomic}
   size_t MinHeapDeltaBytes                        = 1048576                                   {product} {ergonomic}
   size_t MinHeapSize                              = 67108864                                  {product} {command line}
    uintx NonNMethodCodeHeapSize                   = 5839372                                {pd product} {ergonomic}
    uintx NonProfiledCodeHeapSize                  = 122909434                              {pd product} {ergonomic}
    uintx ProfiledCodeHeapSize                     = 122909434                              {pd product} {ergonomic}
    uintx ReservedCodeCacheSize                    = 251658240                              {pd product} {ergonomic}
     bool SegmentedCodeCache                       = true                                      {product} {ergonomic}
   size_t SoftMaxHeapSize                          = 67108864                               {manageable} {ergonomic}
     bool UseCompressedOops                        = true                           {product lp64_product} {ergonomic}
     bool UseG1GC                                  = true                                      {product} {ergonomic}
     bool UseLargePagesIndividualAllocation        = false                                  {pd product} {ergonomic}

Logging:
Log output configuration:
 #0: stdout all=warning uptime,level,tags foldmultilines=false
 #1: stderr all=off uptime,level,tags foldmultilines=false

Release file:
IMPLEMENTOR="Eclipse Adoptium" 
IMPLEMENTOR_VERSION="Temurin-21.0.9+10" 
JAVA_RUNTIME_VERSION="21.0.9+10-LTS" 
JAVA_VERSION="21.0.9" 
JAVA_VERSION_DATE="2025-10-21" 
LIBC="default" 
MODULES="java.base java.compiler java.datatransfer java.xml java.prefs java.desktop java.instrument java.logging java.management java.security.sasl java.naming java.rmi java.management.rmi java.net.http java.scripting java.security.jgss java.transaction.xa java.sql java.sql.rowset java.xml.crypto java.se java.smartcardio jdk.accessibility jdk.internal.jvmstat jdk.attach jdk.charsets jdk.internal.opt jdk.zipfs jdk.compiler jdk.crypto.ec jdk.crypto.cryptoki jdk.crypto.mscapi jdk.dynalink jdk.internal.ed jdk.editpad jdk.hotspot.agent jdk.httpserver jdk.incubator.vector jdk.internal.le jdk.internal.vm.ci jdk.internal.vm.compiler jdk.internal.vm.compiler.management jdk.jartool jdk.javadoc jdk.jcmd jdk.management jdk.management.agent jdk.jconsole jdk.jdeps jdk.jdwp.agent jdk.jdi jdk.jfr jdk.jlink jdk.jpackage jdk.jshell jdk.jsobject jdk.jstatd jdk.localedata jdk.management.jfr jdk.naming.dns jdk.naming.rmi jdk.net jdk.nio.mapmode jdk.random jdk.sctp jdk.security.auth jdk.security.jgss jdk.unsupported jdk.unsupported.desktop jdk.xml.dom" 
OS_ARCH="x86_64" 
OS_NAME="Windows" 
SOURCE=".:git:759062135b07" 
BUILD_SOURCE="git:839fa0b45d809157cffd3dc8515aad262a4a1776"
BUILD_SOURCE_REPO="https://github.com/adoptium/temurin-build.git"
SOURCE_REPO="https://github.com/adoptium/jdk21u.git"
FULL_VERSION="21.0.9+10-LTS"
SEMANTIC_VERSION="21.0.9+10"
BUILD_INFO="OS: Windows Server 2022 Version: 10.0"
JVM_VARIANT="Hotspot"
JVM_VERSION="21.0.9+10-LTS"
IMAGE_TYPE="JDK"

Environment Variables:
CLASSPATH=C:\Users\HP\Desktop\dev\mifos\backend\fineract\\gradle\wrapper\gradle-wrapper.jar
PATH=C:\Program Files\Eclipse Adoptium\jdk-21.0.9.10-hotspot\bin;C:\Program Files\Zulu\zulu-21\bin\;C:\Program Files\Common Files\Oracle\Java\javapath;C:\Windows\system32;C:\Windows;C:\Windows\System32\Wbem;C:\Windows\System32\WindowsPowerShell\v1.0\;C:\Windows\System32\OpenSSH\;C:\Program Files\nodejs\;C:\Program Files\PuTTY\;C:\Program Files\Git\cmd;C:\Program Files\MySQL\MySQL Server 8.0\bin;C:\Program Files\MySQL\MySQL Shell 8.0\bin\;C:\Users\HP\AppData\Local\Microsoft\WindowsApps;C:\Users\HP\AppData\Roaming\npm;C:\Users\HP\AppData\Local\Programs\Microsoft VS Code\bin;C:\Program Files\JetBrains\IntelliJ IDEA 2025.3.2\bin;C:\Program Files\MySQL\MySQL Server 8.0\bin;
USERNAME=Victor
TERM=xterm
OS=Windows_NT
PROCESSOR_IDENTIFIER=Intel64 Family 6 Model 142 Stepping 12, GenuineIntel
TMP=C:\Users\HP\AppData\Local\Temp
TEMP=C:\Users\HP\AppData\Local\Temp




Periodic native trim disabled

---------------  S Y S T E M  ---------------

OS:
 Windows 11 , 64 bit Build 22621 (10.0.22621.1635)
OS uptime: 0 days 11:19 hours
Hyper-V role detected

CPU: total 8 (initial active 8) (4 cores per cpu, 2 threads per core) family 6 model 142 stepping 12 microcode 0xde, cx8, cmov, fxsr, ht, mmx, 3dnowpref, sse, sse2, sse3, ssse3, sse4.1, sse4.2, popcnt, lzcnt, tsc, tscinvbit, avx, avx2, aes, erms, clmul, bmi1, bmi2, adx, fma, vzeroupper, clflush, clflushopt, hv, rdtscp, f16c
Processor Information for processor 0
  Max Mhz: 1896, Current Mhz: 1496, Mhz Limit: 1592
Processor Information for processor 1
  Max Mhz: 1896, Current Mhz: 1596, Mhz Limit: 1592
Processor Information for processor 2
  Max Mhz: 1896, Current Mhz: 1596, Mhz Limit: 1592
Processor Information for processor 3
  Max Mhz: 1896, Current Mhz: 1596, Mhz Limit: 1592
Processor Information for processor 4
  Max Mhz: 1896, Current Mhz: 1596, Mhz Limit: 1592
Processor Information for processor 5
  Max Mhz: 1896, Current Mhz: 1596, Mhz Limit: 1592
Processor Information for processor 6
  Max Mhz: 1896, Current Mhz: 1596, Mhz Limit: 1592
Processor Information for processor 7
  Max Mhz: 1896, Current Mhz: 1496, Mhz Limit: 1592

Memory: 4k page, system-wide physical 7998M (295M free)
TotalPageFile size 32574M (AvailPageFile size 69M)
current process WorkingSet (physical memory assigned to process): 22M, peak: 114M
current process commit charge ("private bytes"): 168M, peak: 193M

vm_info: OpenJDK 64-Bit Server VM (21.0.9+10-LTS) for windows-amd64 JRE (21.0.9+10-LTS), built on 2025-10-21T00:00:00Z by "admin" with unknown MS VC++:1942

END.
